mar 13, 2018 1:03:11 PM com.freebitcoin.app.control.Worker done
INFORMACIÓN: dineroschinchin
mar 13, 2018 1:03:59 PM com.freebitcoin.app.control.Worker loadSite
GRAVE: null
org.openqa.selenium.NoSuchElementException: Unable to locate element: /html/body/div[2]/div/div[1]/div[5]/div[1]/div[7]/div[2]/p/span[1]
For documentation on this error, please visit: http://seleniumhq.org/exceptions/no_such_element.html
Build info: version: '3.9.1', revision: '63f7b50', time: '2018-02-07T22:42:22.379Z'
System info: host: 'DESKTOP-9AH72Q2', ip: '192.168.1.218', os.name: 'Windows 10', os.arch: 'amd64', os.version: '10.0', java.version: '1.8.0_161'
Driver info: org.openqa.selenium.firefox.FirefoxDriver
Capabilities {acceptInsecureCerts: true, browserName: firefox, browserVersion: 58.0.2, javascriptEnabled: true, moz:accessibilityChecks: false, moz:headless: false, moz:processID: 13068, moz:profile: C:\Users\Eduardo\AppData\Lo..., moz:webdriverClick: true, pageLoadStrategy: normal, platform: XP, platformName: XP, platformVersion: 10.0, rotatable: false, timeouts: {implicit: 0, pageLoad: 300000, script: 30000}}
Session ID: 03145aeb-14c5-4ccb-a1bb-741fcef4e1a9
*** Element info: {Using=xpath, value=/html/body/div[2]/div/div[1]/div[5]/div[1]/div[7]/div[2]/p/span[1]}
	at sun.reflect.NativeConstructorAccessorImpl.newInstance0(Native Method)
	at sun.reflect.NativeConstructorAccessorImpl.newInstance(NativeConstructorAccessorImpl.java:62)
	at sun.reflect.DelegatingConstructorAccessorImpl.newInstance(DelegatingConstructorAccessorImpl.java:45)
	at java.lang.reflect.Constructor.newInstance(Constructor.java:423)
	at org.openqa.selenium.remote.http.W3CHttpResponseCodec.createException(W3CHttpResponseCodec.java:187)
	at org.openqa.selenium.remote.http.W3CHttpResponseCodec.decode(W3CHttpResponseCodec.java:122)
	at org.openqa.selenium.remote.http.W3CHttpResponseCodec.decode(W3CHttpResponseCodec.java:49)
	at org.openqa.selenium.remote.HttpCommandExecutor.execute(HttpCommandExecutor.java:160)
	at org.openqa.selenium.remote.service.DriverCommandExecutor.execute(DriverCommandExecutor.java:83)
	at org.openqa.selenium.remote.RemoteWebDriver.execute(RemoteWebDriver.java:601)
	at org.openqa.selenium.remote.RemoteWebDriver.findElement(RemoteWebDriver.java:371)
	at org.openqa.selenium.remote.RemoteWebDriver.findElementByXPath(RemoteWebDriver.java:473)
	at org.openqa.selenium.By$ByXPath.findElement(By.java:361)
	at org.openqa.selenium.remote.RemoteWebDriver.findElement(RemoteWebDriver.java:363)
	at com.freebitcoin.app.control.Worker.loadSite(Worker.java:179)
	at com.freebitcoin.app.control.Worker.doInBackground(Worker.java:89)
	at com.freebitcoin.app.control.Worker.doInBackground(Worker.java:29)
	at javax.swing.SwingWorker$1.call(SwingWorker.java:295)
	at java.util.concurrent.FutureTask.run(FutureTask.java:266)
	at javax.swing.SwingWorker.run(SwingWorker.java:334)
	at java.util.concurrent.ThreadPoolExecutor.runWorker(ThreadPoolExecutor.java:1149)
	at java.util.concurrent.ThreadPoolExecutor$Worker.run(ThreadPoolExecutor.java:624)
	at java.lang.Thread.run(Thread.java:748)

mar 13, 2018 1:04:03 PM com.freebitcoin.app.control.Worker done
INFORMACIÓN: eduper706
mar 13, 2018 1:04:43 PM com.freebitcoin.app.control.Worker loadSite
GRAVE: null
org.openqa.selenium.NoSuchElementException: Unable to locate element: /html/body/div[2]/div/div[1]/div[5]/div[1]/div[7]/div[2]/p/span[1]
For documentation on this error, please visit: http://seleniumhq.org/exceptions/no_such_element.html
Build info: version: '3.9.1', revision: '63f7b50', time: '2018-02-07T22:42:22.379Z'
System info: host: 'DESKTOP-9AH72Q2', ip: '192.168.1.218', os.name: 'Windows 10', os.arch: 'amd64', os.version: '10.0', java.version: '1.8.0_161'
Driver info: org.openqa.selenium.firefox.FirefoxDriver
Capabilities {acceptInsecureCerts: true, browserName: firefox, browserVersion: 58.0.2, javascriptEnabled: true, moz:accessibilityChecks: false, moz:headless: false, moz:processID: 3328, moz:profile: C:\Users\Eduardo\AppData\Lo..., moz:webdriverClick: true, pageLoadStrategy: normal, platform: XP, platformName: XP, platformVersion: 10.0, rotatable: false, timeouts: {implicit: 0, pageLoad: 300000, script: 30000}}
Session ID: 9f302b7f-d565-47b2-89a8-cd2082b09b4b
*** Element info: {Using=xpath, value=/html/body/div[2]/div/div[1]/div[5]/div[1]/div[7]/div[2]/p/span[1]}
	at sun.reflect.NativeConstructorAccessorImpl.newInstance0(Native Method)
	at sun.reflect.NativeConstructorAccessorImpl.newInstance(NativeConstructorAccessorImpl.java:62)
	at sun.reflect.DelegatingConstructorAccessorImpl.newInstance(DelegatingConstructorAccessorImpl.java:45)
	at java.lang.reflect.Constructor.newInstance(Constructor.java:423)
	at org.openqa.selenium.remote.http.W3CHttpResponseCodec.createException(W3CHttpResponseCodec.java:187)
	at org.openqa.selenium.remote.http.W3CHttpResponseCodec.decode(W3CHttpResponseCodec.java:122)
	at org.openqa.selenium.remote.http.W3CHttpResponseCodec.decode(W3CHttpResponseCodec.java:49)
	at org.openqa.selenium.remote.HttpCommandExecutor.execute(HttpCommandExecutor.java:160)
	at org.openqa.selenium.remote.service.DriverCommandExecutor.execute(DriverCommandExecutor.java:83)
	at org.openqa.selenium.remote.RemoteWebDriver.execute(RemoteWebDriver.java:601)
	at org.openqa.selenium.remote.RemoteWebDriver.findElement(RemoteWebDriver.java:371)
	at org.openqa.selenium.remote.RemoteWebDriver.findElementByXPath(RemoteWebDriver.java:473)
	at org.openqa.selenium.By$ByXPath.findElement(By.java:361)
	at org.openqa.selenium.remote.RemoteWebDriver.findElement(RemoteWebDriver.java:363)
	at com.freebitcoin.app.control.Worker.loadSite(Worker.java:179)
	at com.freebitcoin.app.control.Worker.doInBackground(Worker.java:89)
	at com.freebitcoin.app.control.Worker.doInBackground(Worker.java:29)
	at javax.swing.SwingWorker$1.call(SwingWorker.java:295)
	at java.util.concurrent.FutureTask.run(FutureTask.java:266)
	at javax.swing.SwingWorker.run(SwingWorker.java:334)
	at java.util.concurrent.ThreadPoolExecutor.runWorker(ThreadPoolExecutor.java:1149)
	at java.util.concurrent.ThreadPoolExecutor$Worker.run(ThreadPoolExecutor.java:624)
	at java.lang.Thread.run(Thread.java:748)

mar 13, 2018 1:04:45 PM com.freebitcoin.app.control.Worker done
INFORMACIÓN: Bryant14george
mar 13, 2018 1:05:43 PM com.freebitcoin.app.control.Worker loadSite
GRAVE: null
org.openqa.selenium.NoSuchElementException: Unable to locate element: /html/body/div[2]/div/div[1]/div[5]/div[1]/div[7]/div[2]/p/span[1]
For documentation on this error, please visit: http://seleniumhq.org/exceptions/no_such_element.html
Build info: version: '3.9.1', revision: '63f7b50', time: '2018-02-07T22:42:22.379Z'
System info: host: 'DESKTOP-9AH72Q2', ip: '192.168.1.218', os.name: 'Windows 10', os.arch: 'amd64', os.version: '10.0', java.version: '1.8.0_161'
Driver info: org.openqa.selenium.firefox.FirefoxDriver
Capabilities {acceptInsecureCerts: true, browserName: firefox, browserVersion: 58.0.2, javascriptEnabled: true, moz:accessibilityChecks: false, moz:headless: false, moz:processID: 9436, moz:profile: C:\Users\Eduardo\AppData\Lo..., moz:webdriverClick: true, pageLoadStrategy: normal, platform: XP, platformName: XP, platformVersion: 10.0, rotatable: false, timeouts: {implicit: 0, pageLoad: 300000, script: 30000}}
Session ID: 77bbcac9-659c-4a14-bc4e-89388ebf2ad9
*** Element info: {Using=xpath, value=/html/body/div[2]/div/div[1]/div[5]/div[1]/div[7]/div[2]/p/span[1]}
	at sun.reflect.NativeConstructorAccessorImpl.newInstance0(Native Method)
	at sun.reflect.NativeConstructorAccessorImpl.newInstance(NativeConstructorAccessorImpl.java:62)
	at sun.reflect.DelegatingConstructorAccessorImpl.newInstance(DelegatingConstructorAccessorImpl.java:45)
	at java.lang.reflect.Constructor.newInstance(Constructor.java:423)
	at org.openqa.selenium.remote.http.W3CHttpResponseCodec.createException(W3CHttpResponseCodec.java:187)
	at org.openqa.selenium.remote.http.W3CHttpResponseCodec.decode(W3CHttpResponseCodec.java:122)
	at org.openqa.selenium.remote.http.W3CHttpResponseCodec.decode(W3CHttpResponseCodec.java:49)
	at org.openqa.selenium.remote.HttpCommandExecutor.execute(HttpCommandExecutor.java:160)
	at org.openqa.selenium.remote.service.DriverCommandExecutor.execute(DriverCommandExecutor.java:83)
	at org.openqa.selenium.remote.RemoteWebDriver.execute(RemoteWebDriver.java:601)
	at org.openqa.selenium.remote.RemoteWebDriver.findElement(RemoteWebDriver.java:371)
	at org.openqa.selenium.remote.RemoteWebDriver.findElementByXPath(RemoteWebDriver.java:473)
	at org.openqa.selenium.By$ByXPath.findElement(By.java:361)
	at org.openqa.selenium.remote.RemoteWebDriver.findElement(RemoteWebDriver.java:363)
	at com.freebitcoin.app.control.Worker.loadSite(Worker.java:179)
	at com.freebitcoin.app.control.Worker.doInBackground(Worker.java:89)
	at com.freebitcoin.app.control.Worker.doInBackground(Worker.java:29)
	at javax.swing.SwingWorker$1.call(SwingWorker.java:295)
	at java.util.concurrent.FutureTask.run(FutureTask.java:266)
	at javax.swing.SwingWorker.run(SwingWorker.java:334)
	at java.util.concurrent.ThreadPoolExecutor.runWorker(ThreadPoolExecutor.java:1149)
	at java.util.concurrent.ThreadPoolExecutor$Worker.run(ThreadPoolExecutor.java:624)
	at java.lang.Thread.run(Thread.java:748)

mar 13, 2018 1:05:45 PM com.freebitcoin.app.control.Worker done
INFORMACIÓN: don_blank
mar 13, 2018 1:06:37 PM com.freebitcoin.app.control.Worker loadSite
GRAVE: null
org.openqa.selenium.NoSuchElementException: Unable to locate element: /html/body/div[2]/div/div[1]/div[5]/div[1]/div[7]/div[2]/p/span[1]
For documentation on this error, please visit: http://seleniumhq.org/exceptions/no_such_element.html
Build info: version: '3.9.1', revision: '63f7b50', time: '2018-02-07T22:42:22.379Z'
System info: host: 'DESKTOP-9AH72Q2', ip: '192.168.1.218', os.name: 'Windows 10', os.arch: 'amd64', os.version: '10.0', java.version: '1.8.0_161'
Driver info: org.openqa.selenium.firefox.FirefoxDriver
Capabilities {acceptInsecureCerts: true, browserName: firefox, browserVersion: 58.0.2, javascriptEnabled: true, moz:accessibilityChecks: false, moz:headless: false, moz:processID: 9792, moz:profile: C:\Users\Eduardo\AppData\Lo..., moz:webdriverClick: true, pageLoadStrategy: normal, platform: XP, platformName: XP, platformVersion: 10.0, rotatable: false, timeouts: {implicit: 0, pageLoad: 300000, script: 30000}}
Session ID: f18cb0f0-8f5d-458e-afa1-8f14c2244cf3
*** Element info: {Using=xpath, value=/html/body/div[2]/div/div[1]/div[5]/div[1]/div[7]/div[2]/p/span[1]}
	at sun.reflect.NativeConstructorAccessorImpl.newInstance0(Native Method)
	at sun.reflect.NativeConstructorAccessorImpl.newInstance(NativeConstructorAccessorImpl.java:62)
	at sun.reflect.DelegatingConstructorAccessorImpl.newInstance(DelegatingConstructorAccessorImpl.java:45)
	at java.lang.reflect.Constructor.newInstance(Constructor.java:423)
	at org.openqa.selenium.remote.http.W3CHttpResponseCodec.createException(W3CHttpResponseCodec.java:187)
	at org.openqa.selenium.remote.http.W3CHttpResponseCodec.decode(W3CHttpResponseCodec.java:122)
	at org.openqa.selenium.remote.http.W3CHttpResponseCodec.decode(W3CHttpResponseCodec.java:49)
	at org.openqa.selenium.remote.HttpCommandExecutor.execute(HttpCommandExecutor.java:160)
	at org.openqa.selenium.remote.service.DriverCommandExecutor.execute(DriverCommandExecutor.java:83)
	at org.openqa.selenium.remote.RemoteWebDriver.execute(RemoteWebDriver.java:601)
	at org.openqa.selenium.remote.RemoteWebDriver.findElement(RemoteWebDriver.java:371)
	at org.openqa.selenium.remote.RemoteWebDriver.findElementByXPath(RemoteWebDriver.java:473)
	at org.openqa.selenium.By$ByXPath.findElement(By.java:361)
	at org.openqa.selenium.remote.RemoteWebDriver.findElement(RemoteWebDriver.java:363)
	at com.freebitcoin.app.control.Worker.loadSite(Worker.java:179)
	at com.freebitcoin.app.control.Worker.doInBackground(Worker.java:89)
	at com.freebitcoin.app.control.Worker.doInBackground(Worker.java:29)
	at javax.swing.SwingWorker$1.call(SwingWorker.java:295)
	at java.util.concurrent.FutureTask.run(FutureTask.java:266)
	at javax.swing.SwingWorker.run(SwingWorker.java:334)
	at java.util.concurrent.ThreadPoolExecutor.runWorker(ThreadPoolExecutor.java:1149)
	at java.util.concurrent.ThreadPoolExecutor$Worker.run(ThreadPoolExecutor.java:624)
	at java.lang.Thread.run(Thread.java:748)

mar 13, 2018 1:06:43 PM com.freebitcoin.app.control.Worker done
INFORMACIÓN: chad.brewer
mar 13, 2018 1:07:46 PM com.freebitcoin.app.control.Worker loadSite
GRAVE: null
org.openqa.selenium.NoSuchElementException: Unable to locate element: /html/body/div[2]/div/div[1]/div[5]/div[1]/div[7]/div[2]/p/span[1]
For documentation on this error, please visit: http://seleniumhq.org/exceptions/no_such_element.html
Build info: version: '3.9.1', revision: '63f7b50', time: '2018-02-07T22:42:22.379Z'
System info: host: 'DESKTOP-9AH72Q2', ip: '192.168.1.218', os.name: 'Windows 10', os.arch: 'amd64', os.version: '10.0', java.version: '1.8.0_161'
Driver info: org.openqa.selenium.firefox.FirefoxDriver
Capabilities {acceptInsecureCerts: true, browserName: firefox, browserVersion: 58.0.2, javascriptEnabled: true, moz:accessibilityChecks: false, moz:headless: false, moz:processID: 12076, moz:profile: C:\Users\Eduardo\AppData\Lo..., moz:webdriverClick: true, pageLoadStrategy: normal, platform: XP, platformName: XP, platformVersion: 10.0, rotatable: false, timeouts: {implicit: 0, pageLoad: 300000, script: 30000}}
Session ID: 5f7818e7-1b1b-4472-9fbf-0d0331f86fa6
*** Element info: {Using=xpath, value=/html/body/div[2]/div/div[1]/div[5]/div[1]/div[7]/div[2]/p/span[1]}
	at sun.reflect.NativeConstructorAccessorImpl.newInstance0(Native Method)
	at sun.reflect.NativeConstructorAccessorImpl.newInstance(NativeConstructorAccessorImpl.java:62)
	at sun.reflect.DelegatingConstructorAccessorImpl.newInstance(DelegatingConstructorAccessorImpl.java:45)
	at java.lang.reflect.Constructor.newInstance(Constructor.java:423)
	at org.openqa.selenium.remote.http.W3CHttpResponseCodec.createException(W3CHttpResponseCodec.java:187)
	at org.openqa.selenium.remote.http.W3CHttpResponseCodec.decode(W3CHttpResponseCodec.java:122)
	at org.openqa.selenium.remote.http.W3CHttpResponseCodec.decode(W3CHttpResponseCodec.java:49)
	at org.openqa.selenium.remote.HttpCommandExecutor.execute(HttpCommandExecutor.java:160)
	at org.openqa.selenium.remote.service.DriverCommandExecutor.execute(DriverCommandExecutor.java:83)
	at org.openqa.selenium.remote.RemoteWebDriver.execute(RemoteWebDriver.java:601)
	at org.openqa.selenium.remote.RemoteWebDriver.findElement(RemoteWebDriver.java:371)
	at org.openqa.selenium.remote.RemoteWebDriver.findElementByXPath(RemoteWebDriver.java:473)
	at org.openqa.selenium.By$ByXPath.findElement(By.java:361)
	at org.openqa.selenium.remote.RemoteWebDriver.findElement(RemoteWebDriver.java:363)
	at com.freebitcoin.app.control.Worker.loadSite(Worker.java:179)
	at com.freebitcoin.app.control.Worker.doInBackground(Worker.java:89)
	at com.freebitcoin.app.control.Worker.doInBackground(Worker.java:29)
	at javax.swing.SwingWorker$1.call(SwingWorker.java:295)
	at java.util.concurrent.FutureTask.run(FutureTask.java:266)
	at javax.swing.SwingWorker.run(SwingWorker.java:334)
	at java.util.concurrent.ThreadPoolExecutor.runWorker(ThreadPoolExecutor.java:1149)
	at java.util.concurrent.ThreadPoolExecutor$Worker.run(ThreadPoolExecutor.java:624)
	at java.lang.Thread.run(Thread.java:748)

mar 13, 2018 1:07:50 PM com.freebitcoin.app.control.Worker done
INFORMACIÓN: todd_maher
mar 13, 2018 1:08:18 PM com.freebitcoin.app.control.Worker doInBackground
GRAVE: null
org.openqa.selenium.NoSuchWindowException: Unable to locate window
Build info: version: '3.9.1', revision: '63f7b50', time: '2018-02-07T22:42:22.379Z'
System info: host: 'DESKTOP-9AH72Q2', ip: '192.168.1.218', os.name: 'Windows 10', os.arch: 'amd64', os.version: '10.0', java.version: '1.8.0_161'
Driver info: org.openqa.selenium.firefox.FirefoxDriver
Capabilities {acceptInsecureCerts: true, browserName: firefox, browserVersion: 58.0.2, javascriptEnabled: true, moz:accessibilityChecks: false, moz:headless: false, moz:processID: 6060, moz:profile: C:\Users\Eduardo\AppData\Lo..., moz:webdriverClick: true, pageLoadStrategy: normal, platform: XP, platformName: XP, platformVersion: 10.0, rotatable: false, timeouts: {implicit: 0, pageLoad: 300000, script: 30000}}
Session ID: 91152280-e2f0-4304-9fe0-abd8b9b05de5
*** Element info: {Using=id, value=balance}
	at sun.reflect.NativeConstructorAccessorImpl.newInstance0(Native Method)
	at sun.reflect.NativeConstructorAccessorImpl.newInstance(NativeConstructorAccessorImpl.java:62)
	at sun.reflect.DelegatingConstructorAccessorImpl.newInstance(DelegatingConstructorAccessorImpl.java:45)
	at java.lang.reflect.Constructor.newInstance(Constructor.java:423)
	at org.openqa.selenium.remote.http.W3CHttpResponseCodec.createException(W3CHttpResponseCodec.java:187)
	at org.openqa.selenium.remote.http.W3CHttpResponseCodec.decode(W3CHttpResponseCodec.java:122)
	at org.openqa.selenium.remote.http.W3CHttpResponseCodec.decode(W3CHttpResponseCodec.java:49)
	at org.openqa.selenium.remote.HttpCommandExecutor.execute(HttpCommandExecutor.java:160)
	at org.openqa.selenium.remote.service.DriverCommandExecutor.execute(DriverCommandExecutor.java:83)
	at org.openqa.selenium.remote.RemoteWebDriver.execute(RemoteWebDriver.java:601)
	at org.openqa.selenium.remote.RemoteWebDriver.findElement(RemoteWebDriver.java:371)
	at org.openqa.selenium.remote.RemoteWebDriver.findElementById(RemoteWebDriver.java:417)
	at org.openqa.selenium.By$ById.findElement(By.java:218)
	at org.openqa.selenium.remote.RemoteWebDriver.findElement(RemoteWebDriver.java:363)
	at com.freebitcoin.app.control.Worker.loadSite(Worker.java:146)
	at com.freebitcoin.app.control.Worker.doInBackground(Worker.java:89)
	at com.freebitcoin.app.control.Worker.doInBackground(Worker.java:29)
	at javax.swing.SwingWorker$1.call(SwingWorker.java:295)
	at java.util.concurrent.FutureTask.run(FutureTask.java:266)
	at javax.swing.SwingWorker.run(SwingWorker.java:334)
	at java.util.concurrent.ThreadPoolExecutor.runWorker(ThreadPoolExecutor.java:1149)
	at java.util.concurrent.ThreadPoolExecutor$Worker.run(ThreadPoolExecutor.java:624)
	at java.lang.Thread.run(Thread.java:748)

mar 13, 2018 1:08:19 PM com.freebitcoin.app.control.Worker done
INFORMACIÓN: armstrongr045
mar 13, 2018 5:22:03 PM com.freebitcoin.app.control.Worker3 doInBackground
GRAVE: null
org.openqa.selenium.UnhandledAlertException: : 
Build info: version: '3.9.1', revision: '63f7b50', time: '2018-02-07T22:42:22.379Z'
System info: host: 'DESKTOP-9AH72Q2', ip: '192.168.1.218', os.name: 'Windows 10', os.arch: 'amd64', os.version: '10.0', java.version: '1.8.0_161'
Driver info: org.openqa.selenium.firefox.FirefoxDriver
Capabilities {acceptInsecureCerts: true, browserName: firefox, browserVersion: 59.0, javascriptEnabled: true, moz:accessibilityChecks: false, moz:headless: false, moz:processID: 3632, moz:profile: C:\Users\Eduardo\AppData\Lo..., moz:useNonSpecCompliantPointerOrigin: false, moz:webdriverClick: true, pageLoadStrategy: normal, platform: XP, platformName: XP, platformVersion: 10.0, rotatable: false, timeouts: {implicit: 0, pageLoad: 300000, script: 30000}}
Session ID: 3675d3f4-7251-452e-a5f2-08a79253046a
	at org.openqa.selenium.remote.http.W3CHttpResponseCodec.decode(W3CHttpResponseCodec.java:120)
	at org.openqa.selenium.remote.http.W3CHttpResponseCodec.decode(W3CHttpResponseCodec.java:49)
	at org.openqa.selenium.remote.HttpCommandExecutor.execute(HttpCommandExecutor.java:160)
	at org.openqa.selenium.remote.service.DriverCommandExecutor.execute(DriverCommandExecutor.java:83)
	at org.openqa.selenium.remote.RemoteWebDriver.execute(RemoteWebDriver.java:601)
	at org.openqa.selenium.remote.RemoteWebDriver.get(RemoteWebDriver.java:325)
	at com.freebitcoin.app.control.Worker3.Inicializar(Worker3.java:123)
	at com.freebitcoin.app.control.Worker3.doInBackground(Worker3.java:79)
	at com.freebitcoin.app.control.Worker3.doInBackground(Worker3.java:27)
	at javax.swing.SwingWorker$1.call(SwingWorker.java:295)
	at java.util.concurrent.FutureTask.run(FutureTask.java:266)
	at javax.swing.SwingWorker.run(SwingWorker.java:334)
	at java.util.concurrent.ThreadPoolExecutor.runWorker(ThreadPoolExecutor.java:1149)
	at java.util.concurrent.ThreadPoolExecutor$Worker.run(ThreadPoolExecutor.java:624)
	at java.lang.Thread.run(Thread.java:748)

mar 13, 2018 5:22:07 PM com.freebitcoin.app.control.Worker doInBackground
GRAVE: null
org.openqa.selenium.WebDriverException: java.io.FileNotFoundException: C:\Users\Eduardo\AppData\Local\Temp\anonymous2406940316734081287webdriver-profile\datareporting\archived\2018-03\1520555752638.0947e6a0-f8ec-4685-8843-3062f478438a.update.jsonlz4 (El sistema no puede encontrar el archivo especificado)
Build info: version: '3.9.1', revision: '63f7b50', time: '2018-02-07T22:42:22.379Z'
System info: host: 'DESKTOP-9AH72Q2', ip: '192.168.1.218', os.name: 'Windows 10', os.arch: 'amd64', os.version: '10.0', java.version: '1.8.0_161'
Driver info: driver.version: FirefoxDriver
	at org.openqa.selenium.firefox.FirefoxOptions.asMap(FirefoxOptions.java:369)
	at org.openqa.selenium.MutableCapabilities.<init>(MutableCapabilities.java:49)
	at org.openqa.selenium.firefox.FirefoxDriver.dropCapabilities(FirefoxDriver.java:203)
	at org.openqa.selenium.firefox.FirefoxDriver.<init>(FirefoxDriver.java:120)
	at com.freebitcoin.app.control.Worker.Inicializar(Worker.java:132)
	at com.freebitcoin.app.control.Worker.doInBackground(Worker.java:88)
	at com.freebitcoin.app.control.Worker.doInBackground(Worker.java:29)
	at javax.swing.SwingWorker$1.call(SwingWorker.java:295)
	at java.util.concurrent.FutureTask.run(FutureTask.java:266)
	at javax.swing.SwingWorker.run(SwingWorker.java:334)
	at java.util.concurrent.ThreadPoolExecutor.runWorker(ThreadPoolExecutor.java:1149)
	at java.util.concurrent.ThreadPoolExecutor$Worker.run(ThreadPoolExecutor.java:624)
	at java.lang.Thread.run(Thread.java:748)
Caused by: java.io.FileNotFoundException: C:\Users\Eduardo\AppData\Local\Temp\anonymous2406940316734081287webdriver-profile\datareporting\archived\2018-03\1520555752638.0947e6a0-f8ec-4685-8843-3062f478438a.update.jsonlz4 (El sistema no puede encontrar el archivo especificado)
	at java.io.FileInputStream.open0(Native Method)
	at java.io.FileInputStream.open(FileInputStream.java:195)
	at java.io.FileInputStream.<init>(FileInputStream.java:138)
	at org.openqa.selenium.io.Zip.addToZip(Zip.java:59)
	at org.openqa.selenium.io.Zip.addToZip(Zip.java:55)
	at org.openqa.selenium.io.Zip.addToZip(Zip.java:55)
	at org.openqa.selenium.io.Zip.addToZip(Zip.java:55)
	at org.openqa.selenium.io.Zip.addToZip(Zip.java:55)
	at org.openqa.selenium.io.Zip.zip(Zip.java:41)
	at org.openqa.selenium.firefox.FirefoxProfile.toJson(FirefoxProfile.java:361)
	at org.openqa.selenium.firefox.FirefoxOptions.asMap(FirefoxOptions.java:367)
	... 12 more

